<<<<<<< Updated upstream
﻿  fbo.cpp
c:\users\séverin\desktop\opengl-enjmin\src\engine\render\camera.h(165): warning C4305: '*=' : troncation de 'double' à 'float'
c:\users\séverin\desktop\opengl-enjmin\src\engine\render\camera.h(177): warning C4305: '*=' : troncation de 'double' à 'float'
c:\users\séverin\desktop\opengl-enjmin\src\engine\render\camera.h(199): warning C4305: '*=' : troncation de 'double' à 'float'
c:\users\séverin\desktop\opengl-enjmin\src\engine\render\camera.h(221): warning C4305: '*=' : troncation de 'double' à 'float'
  vbo.cpp
c:\users\séverin\desktop\opengl-enjmin\src\engine\render\camera.h(165): warning C4305: '*=' : troncation de 'double' à 'float'
c:\users\séverin\desktop\opengl-enjmin\src\engine\render\camera.h(177): warning C4305: '*=' : troncation de 'double' à 'float'
c:\users\séverin\desktop\opengl-enjmin\src\engine\render\camera.h(199): warning C4305: '*=' : troncation de 'double' à 'float'
c:\users\séverin\desktop\opengl-enjmin\src\engine\render\camera.h(221): warning C4305: '*=' : troncation de 'double' à 'float'
  main.cpp
c:\users\séverin\desktop\opengl-enjmin\src\engine\render\camera.h(165): warning C4305: '*=' : troncation de 'double' à 'float'
c:\users\séverin\desktop\opengl-enjmin\src\engine\render\camera.h(177): warning C4305: '*=' : troncation de 'double' à 'float'
c:\users\séverin\desktop\opengl-enjmin\src\engine\render\camera.h(199): warning C4305: '*=' : troncation de 'double' à 'float'
c:\users\séverin\desktop\opengl-enjmin\src\engine\render\camera.h(221): warning C4305: '*=' : troncation de 'double' à 'float'
  Génération de code en cours...
  minicraft.vcxproj -> C:\Users\Séverin\Desktop\OpenGL-ENJMIN\Debug\minicraft.exe
=======
﻿  minicraft.vcxproj -> C:\Users\severin.michaut\Downloads\yocto_exercice_2\yocto_exercice\Debug\minicraft.exe
>>>>>>> Stashed changes
